mads 2.1.3
Source: C:\jac\system\Atari800\Tools\IDE\WUDSN\Workspace\Atari800\Tutorial\Part 14 - POKEY Sounds\Part14.asm
     1
     2 				; POKEY Sounds
     3 				;
     4 				; https://gury.atari8.info/refs/sound.php
     5
     6 = 0012			rtclok	= $12	;3 byte
     7 = D200			pokey	= $d200	;16 registers
     8
     9 = D200			audf1	= $d200
    10 = D201			audc1	= $d201	;3 bit distortion, 1 bit volume control, 4 bit volume
    11
    12 = D208			audctl	= $d208
    13 = D20F			skctl	= $d20f
    14
    15 					org $2000
    16
    17 					.proc main
    18 					
    19 FFFF> 2000-203C> A9 00		lda #0
    20 2002 A2 08			ldx #8
    21 2004			clear_loop
    22 2004 9D 00 D2			sta pokey,x
    23 2007 CA				dex
    24 2008 10 FA			bpl clear_loop
    25
    26 200A A9 03 8D 0F D2		mva #3 skctl
    27
    28 200F			main_loop
    29 200F				.proc fall
    30 200F A9 A8 8D 01 D2		mva #$a8 audc1
    31 2014 A2 00			ldx #0
    32 2016 8E 00 D2		loop	stx audf1
    33 2019 20 36 20			jsr wait
    34 201C E8				inx
    35 201D E0 FF			cpx #255
    36 201F D0 F5			bne loop
    37 					.endp
    38
    39 2021				.proc hit_ground
    40 2021 A9 08 8D 01 D2		mva #$08 audc1
    41 2026 A2 10			ldx #16
    42 2028 8E 00 D2		loop	stx audf1
    43 202B 20 36 20			jsr wait
    44 202E E8				inx
    45 202F E0 40			cpx #64
    46 2031 D0 F5			bne loop
    47 					.endp
    48
    49 2033 4C 0F 20			jmp main_loop
    50 					
    51 2036				.proc wait
    52 2036 A5 14			lda rtclok+2
    53 2038 C5 14		loop	cmp rtclok+2
    54 203A F0 FC			beq loop
    55 203C 60				rts
    56 					.endp
    57
    58 					.endp
    59 					
    60 02E0-02E1> 00 20			run main
